This is pdfTeX, Version 3.14159265-2.6-1.40.16 (TeX Live 2015) (preloaded format=pdflatex 2015.5.24)  12 JUN 2016 19:56
entering extended mode
 restricted \write18 enabled.
 file:line:error style messages enabled.
 %&-line parsing enabled.
**portfolio.tex
(./portfolio.tex
LaTeX2e <2015/01/01>
Babel <3.9l> and hyphenation patterns for 79 languages loaded.
(/usr/local/texlive/2015/texmf-dist/tex/latex/base/article.cls
Document Class: article 2014/09/29 v1.4h Standard LaTeX document class
(/usr/local/texlive/2015/texmf-dist/tex/latex/base/size10.clo
File: size10.clo 2014/09/29 v1.4h Standard LaTeX file (size option)
)
\c@part=\count79
\c@section=\count80
\c@subsection=\count81
\c@subsubsection=\count82
\c@paragraph=\count83
\c@subparagraph=\count84
\c@figure=\count85
\c@table=\count86
\abovecaptionskip=\skip41
\belowcaptionskip=\skip42
\bibindent=\dimen102
)
(/usr/local/texlive/2015/texmf-dist/tex/latex/base/fontenc.sty
Package: fontenc 2005/09/27 v1.99g Standard LaTeX package

(/usr/local/texlive/2015/texmf-dist/tex/latex/base/t1enc.def
File: t1enc.def 2005/09/27 v1.99g Standard LaTeX file
LaTeX Font Info:    Redeclaring font encoding T1 on input line 48.
))
(/usr/local/texlive/2015/texmf-dist/tex/generic/babel/babel.sty
Package: babel 2014/09/25 3.9l The Babel package

(/usr/local/texlive/2015/texmf-dist/tex/generic/babel-portuges/portuges.ldf
Language: portuges 2008/03/18 v1.2q Portuguese support from the babel system

(/usr/local/texlive/2015/texmf-dist/tex/generic/babel/babel.def
File: babel.def 2014/09/25 3.9l Babel common definitions
\babel@savecnt=\count87
\U@D=\dimen103
)
Package babel Info: Making " an active character on input line 145.
))
(/usr/local/texlive/2015/texmf-dist/tex/latex/natbib/natbib.sty
Package: natbib 2010/09/13 8.31b (PWD, AO)
\bibhang=\skip43
\bibsep=\skip44
LaTeX Info: Redefining \cite on input line 694.
\c@NAT@ctr=\count88
)
(/usr/local/texlive/2015/texmf-dist/tex/latex/url/url.sty
\Urlmuskip=\muskip10
Package: url 2013/09/16  ver 3.4  Verb mode for urls, etc.
)
(/usr/local/texlive/2015/texmf-dist/tex/latex/hyperref/hyperref.sty
Package: hyperref 2012/11/06 v6.83m Hypertext links for LaTeX

(/usr/local/texlive/2015/texmf-dist/tex/generic/oberdiek/hobsub-hyperref.sty
Package: hobsub-hyperref 2012/05/28 v1.13 Bundle oberdiek, subset hyperref (HO)


(/usr/local/texlive/2015/texmf-dist/tex/generic/oberdiek/hobsub-generic.sty
Package: hobsub-generic 2012/05/28 v1.13 Bundle oberdiek, subset generic (HO)
Package: hobsub 2012/05/28 v1.13 Construct package bundles (HO)
Package: infwarerr 2010/04/08 v1.3 Providing info/warning/error messages (HO)
Package: ltxcmds 2011/11/09 v1.22 LaTeX kernel commands for general use (HO)
Package: ifluatex 2010/03/01 v1.3 Provides the ifluatex switch (HO)
Package ifluatex Info: LuaTeX not detected.
Package: ifvtex 2010/03/01 v1.5 Detect VTeX and its facilities (HO)
Package ifvtex Info: VTeX not detected.
Package: intcalc 2007/09/27 v1.1 Expandable calculations with integers (HO)
Package: ifpdf 2011/01/30 v2.3 Provides the ifpdf switch (HO)
Package ifpdf Info: pdfTeX in PDF mode is detected.
Package: etexcmds 2011/02/16 v1.5 Avoid name clashes with e-TeX commands (HO)
Package etexcmds Info: Could not find \expanded.
(etexcmds)             That can mean that you are not using pdfTeX 1.50 or
(etexcmds)             that some package has redefined \expanded.
(etexcmds)             In the latter case, load this package earlier.
Package: kvsetkeys 2012/04/25 v1.16 Key value parser (HO)
Package: kvdefinekeys 2011/04/07 v1.3 Define keys (HO)
Package: pdftexcmds 2011/11/29 v0.20 Utility functions of pdfTeX for LuaTeX (HO
)
Package pdftexcmds Info: LuaTeX not detected.
Package pdftexcmds Info: \pdf@primitive is available.
Package pdftexcmds Info: \pdf@ifprimitive is available.
Package pdftexcmds Info: \pdfdraftmode found.
Package: pdfescape 2011/11/25 v1.13 Implements pdfTeX's escape features (HO)
Package: bigintcalc 2012/04/08 v1.3 Expandable calculations on big integers (HO
)
Package: bitset 2011/01/30 v1.1 Handle bit-vector datatype (HO)
Package: uniquecounter 2011/01/30 v1.2 Provide unlimited unique counter (HO)
)
Package hobsub Info: Skipping package `hobsub' (already loaded).
Package: letltxmacro 2010/09/02 v1.4 Let assignment for LaTeX macros (HO)
Package: hopatch 2012/05/28 v1.2 Wrapper for package hooks (HO)
Package: xcolor-patch 2011/01/30 xcolor patch
Package: atveryend 2011/06/30 v1.8 Hooks at the very end of document (HO)
Package atveryend Info: \enddocument detected (standard20110627).
Package: atbegshi 2011/10/05 v1.16 At begin shipout hook (HO)
Package: refcount 2011/10/16 v3.4 Data extraction from label references (HO)
Package: hycolor 2011/01/30 v1.7 Color options for hyperref/bookmark (HO)
)
(/usr/local/texlive/2015/texmf-dist/tex/latex/graphics/keyval.sty
Package: keyval 2014/10/28 v1.15 key=value parser (DPC)
\KV@toks@=\toks14
)
(/usr/local/texlive/2015/texmf-dist/tex/generic/ifxetex/ifxetex.sty
Package: ifxetex 2010/09/12 v0.6 Provides ifxetex conditional
)
(/usr/local/texlive/2015/texmf-dist/tex/latex/oberdiek/auxhook.sty
Package: auxhook 2011/03/04 v1.3 Hooks for auxiliary files (HO)
)
(/usr/local/texlive/2015/texmf-dist/tex/latex/oberdiek/kvoptions.sty
Package: kvoptions 2011/06/30 v3.11 Key value format for package options (HO)
)
\@linkdim=\dimen104
\Hy@linkcounter=\count89
\Hy@pagecounter=\count90

(/usr/local/texlive/2015/texmf-dist/tex/latex/hyperref/pd1enc.def
File: pd1enc.def 2012/11/06 v6.83m Hyperref: PDFDocEncoding definition (HO)
)
\Hy@SavedSpaceFactor=\count91

(/usr/local/texlive/2015/texmf-dist/tex/latex/latexconfig/hyperref.cfg
File: hyperref.cfg 2002/06/06 v1.2 hyperref configuration of TeXLive
)
Package hyperref Info: Hyper figures OFF on input line 4443.
Package hyperref Info: Link nesting OFF on input line 4448.
Package hyperref Info: Hyper index ON on input line 4451.
Package hyperref Info: Plain pages OFF on input line 4458.
Package hyperref Info: Backreferencing OFF on input line 4463.
Package hyperref Info: Implicit mode ON; LaTeX internals redefined.
Package hyperref Info: Bookmarks ON on input line 4688.
\c@Hy@tempcnt=\count92
LaTeX Info: Redefining \url on input line 5041.
\XeTeXLinkMargin=\dimen105
\Fld@menulength=\count93
\Field@Width=\dimen106
\Fld@charsize=\dimen107
Package hyperref Info: Hyper figures OFF on input line 6295.
Package hyperref Info: Link nesting OFF on input line 6300.
Package hyperref Info: Hyper index ON on input line 6303.
Package hyperref Info: backreferencing OFF on input line 6310.
Package hyperref Info: Link coloring OFF on input line 6315.
Package hyperref Info: Link coloring with OCG OFF on input line 6320.
Package hyperref Info: PDF/A mode OFF on input line 6325.
LaTeX Info: Redefining \ref on input line 6365.
LaTeX Info: Redefining \pageref on input line 6369.
\Hy@abspage=\count94
\c@Item=\count95
\c@Hfootnote=\count96
)

Package hyperref Message: Driver (autodetected): hpdftex.

(/usr/local/texlive/2015/texmf-dist/tex/latex/hyperref/hpdftex.def
File: hpdftex.def 2012/11/06 v6.83m Hyperref driver for pdfTeX
\Fld@listcount=\count97
\c@bookmark@seq@number=\count98

(/usr/local/texlive/2015/texmf-dist/tex/latex/oberdiek/rerunfilecheck.sty
Package: rerunfilecheck 2011/04/15 v1.7 Rerun checks for auxiliary files (HO)
Package uniquecounter Info: New unique counter `rerunfilecheck' on input line 2
82.
)
\Hy@SectionHShift=\skip45
)
(/usr/local/texlive/2015/texmf-dist/tex/latex/fancyref/fancyref.sty
Package: fancyref 1999/02/03 v0.9c Fancy cross-referencing

(/usr/local/texlive/2015/texmf-dist/tex/latex/tools/varioref.sty
Package: varioref 2014/10/28 v1.5a package for extended references (FMi)
\c@vrcnt=\count99
))
(/usr/local/texlive/2015/texmf-dist/tex/latex/amsmath/amsmath.sty
Package: amsmath 2013/01/14 v2.14 AMS math features
\@mathmargin=\skip46

For additional information on amsmath, use the `?' option.
(/usr/local/texlive/2015/texmf-dist/tex/latex/amsmath/amstext.sty
Package: amstext 2000/06/29 v2.01

(/usr/local/texlive/2015/texmf-dist/tex/latex/amsmath/amsgen.sty
File: amsgen.sty 1999/11/30 v2.0
\@emptytoks=\toks15
\ex@=\dimen108
))
(/usr/local/texlive/2015/texmf-dist/tex/latex/amsmath/amsbsy.sty
Package: amsbsy 1999/11/29 v1.2d
\pmbraise@=\dimen109
)
(/usr/local/texlive/2015/texmf-dist/tex/latex/amsmath/amsopn.sty
Package: amsopn 1999/12/14 v2.01 operator names
)
\inf@bad=\count100
LaTeX Info: Redefining \frac on input line 210.
\uproot@=\count101
\leftroot@=\count102
LaTeX Info: Redefining \overline on input line 306.
\classnum@=\count103
\DOTSCASE@=\count104
LaTeX Info: Redefining \ldots on input line 378.
LaTeX Info: Redefining \dots on input line 381.
LaTeX Info: Redefining \cdots on input line 466.
\Mathstrutbox@=\box26
\strutbox@=\box27
\big@size=\dimen110
LaTeX Font Info:    Redeclaring font encoding OML on input line 566.
LaTeX Font Info:    Redeclaring font encoding OMS on input line 567.
\macc@depth=\count105
\c@MaxMatrixCols=\count106
\dotsspace@=\muskip11
\c@parentequation=\count107
\dspbrk@lvl=\count108
\tag@help=\toks16
\row@=\count109
\column@=\count110
\maxfields@=\count111
\andhelp@=\toks17
\eqnshift@=\dimen111
\alignsep@=\dimen112
\tagshift@=\dimen113
\tagwidth@=\dimen114
\totwidth@=\dimen115
\lineht@=\dimen116
\@envbody=\toks18
\multlinegap=\skip47
\multlinetaggap=\skip48
\mathdisplay@stack=\toks19
LaTeX Info: Redefining \[ on input line 2665.
LaTeX Info: Redefining \] on input line 2666.
)
(/usr/local/texlive/2015/texmf-dist/tex/latex/graphics/graphicx.sty
Package: graphicx 2014/10/28 v1.0g Enhanced LaTeX Graphics (DPC,SPQR)

(/usr/local/texlive/2015/texmf-dist/tex/latex/graphics/graphics.sty
Package: graphics 2014/10/28 v1.0p Standard LaTeX Graphics (DPC,SPQR)

(/usr/local/texlive/2015/texmf-dist/tex/latex/graphics/trig.sty
Package: trig 1999/03/16 v1.09 sin cos tan (DPC)
)
(/usr/local/texlive/2015/texmf-dist/tex/latex/latexconfig/graphics.cfg
File: graphics.cfg 2010/04/23 v1.9 graphics configuration of TeX Live
)
Package graphics Info: Driver file: pdftex.def on input line 94.

(/usr/local/texlive/2015/texmf-dist/tex/latex/pdftex-def/pdftex.def
File: pdftex.def 2011/05/27 v0.06d Graphics/color for pdfTeX
\Gread@gobject=\count112
))
\Gin@req@height=\dimen117
\Gin@req@width=\dimen118
)
(/usr/local/texlive/2015/texmf-dist/tex/latex/parskip/parskip.sty
Package: parskip 2001/04/09 non-zero parskip adjustments
)
(/usr/local/texlive/2015/texmf-dist/tex/latex/fancyhdr/fancyhdr.sty
\fancy@headwidth=\skip49
\f@ncyO@elh=\skip50
\f@ncyO@erh=\skip51
\f@ncyO@olh=\skip52
\f@ncyO@orh=\skip53
\f@ncyO@elf=\skip54
\f@ncyO@erf=\skip55
\f@ncyO@olf=\skip56
\f@ncyO@orf=\skip57
)
(/usr/local/texlive/2015/texmf-dist/tex/latex/geometry/geometry.sty
Package: geometry 2010/09/12 v5.6 Page Geometry
\Gm@cnth=\count113
\Gm@cntv=\count114
\c@Gm@tempcnt=\count115
\Gm@bindingoffset=\dimen119
\Gm@wd@mp=\dimen120
\Gm@odd@mp=\dimen121
\Gm@even@mp=\dimen122
\Gm@layoutwidth=\dimen123
\Gm@layoutheight=\dimen124
\Gm@layouthoffset=\dimen125
\Gm@layoutvoffset=\dimen126
\Gm@dimlist=\toks20
)

Package geometry Warning: Over-specification in `h'-direction.
    `width' (597.50787pt) is ignored.


Package geometry Warning: Over-specification in `v'-direction.
    `height' (845.04684pt) is ignored.

(/usr/local/texlive/2015/texmf-dist/tex/latex/float/float.sty
Package: float 2001/11/08 v1.3d Float enhancements (AL)
\c@float@type=\count116
\float@exts=\toks21
\float@box=\box28
\@float@everytoks=\toks22
\@floatcapt=\box29
)
(/usr/local/texlive/2015/texmf-dist/tex/latex/pdfpages/pdfpages.sty
Package: pdfpages 2015/05/11 v0.4x Insert pages of external PDF documents (AM)

(/usr/local/texlive/2015/texmf-dist/tex/latex/base/ifthen.sty
Package: ifthen 2014/09/29 v1.1c Standard LaTeX ifthen package (DPC)
)
(/usr/local/texlive/2015/texmf-dist/tex/latex/tools/calc.sty
Package: calc 2014/10/28 v4.3 Infix arithmetic (KKT,FJ)
\calc@Acount=\count117
\calc@Bcount=\count118
\calc@Adimen=\dimen127
\calc@Bdimen=\dimen128
\calc@Askip=\skip58
\calc@Bskip=\skip59
LaTeX Info: Redefining \setlength on input line 80.
LaTeX Info: Redefining \addtolength on input line 81.
\calc@Ccount=\count119
\calc@Cskip=\skip60
)
(/usr/local/texlive/2015/texmf-dist/tex/latex/eso-pic/eso-pic.sty
Package: eso-pic 2015/04/20 v2.0e eso-pic (RN)

(/usr/local/texlive/2015/texmf-dist/tex/latex/xcolor/xcolor.sty
Package: xcolor 2007/01/21 v2.11 LaTeX color extensions (UK)

(/usr/local/texlive/2015/texmf-dist/tex/latex/latexconfig/color.cfg
File: color.cfg 2007/01/18 v1.5 color configuration of teTeX/TeXLive
)
Package xcolor Info: Driver file: pdftex.def on input line 225.
Package xcolor Info: Model `cmy' substituted by `cmy0' on input line 1337.
Package xcolor Info: Model `hsb' substituted by `rgb' on input line 1341.
Package xcolor Info: Model `RGB' extended on input line 1353.
Package xcolor Info: Model `HTML' substituted by `rgb' on input line 1355.
Package xcolor Info: Model `Hsb' substituted by `hsb' on input line 1356.
Package xcolor Info: Model `tHsb' substituted by `hsb' on input line 1357.
Package xcolor Info: Model `HSB' substituted by `hsb' on input line 1358.
Package xcolor Info: Model `Gray' substituted by `gray' on input line 1359.
Package xcolor Info: Model `wave' substituted by `hsb' on input line 1360.
))
\AM@pagewidth=\dimen129
\AM@pageheight=\dimen130

(/usr/local/texlive/2015/texmf-dist/tex/latex/pdfpages/pppdftex.def
File: pppdftex.def 2015/05/11 v0.4x Pdfpages driver for pdfTeX (AM)
)
\AM@pagebox=\box30
\AM@toc@title=\toks23
\c@AM@survey=\count120
\AM@templatesizebox=\box31
)
(/usr/local/texlive/2015/texmf-dist/tex/latex/listings/listings.sty
\lst@mode=\count121
\lst@gtempboxa=\box32
\lst@token=\toks24
\lst@length=\count122
\lst@currlwidth=\dimen131
\lst@column=\count123
\lst@pos=\count124
\lst@lostspace=\dimen132
\lst@width=\dimen133
\lst@newlines=\count125
\lst@lineno=\count126
\lst@maxwidth=\dimen134

(/usr/local/texlive/2015/texmf-dist/tex/latex/listings/lstmisc.sty
File: lstmisc.sty 2014/09/06 1.5e (Carsten Heinz)
\c@lstnumber=\count127
\lst@skipnumbers=\count128
\lst@framebox=\box33
)
(/usr/local/texlive/2015/texmf-dist/tex/latex/listings/listings.cfg
File: listings.cfg 2014/09/06 1.5e listings configuration
))
Package: listings 2014/09/06 1.5e (Carsten Heinz)

(/usr/local/texlive/2015/texmf-dist/tex/latex/mdframed/mdframed.sty
Package: mdframed 2013/07/01 1.9b: mdframed

(/usr/local/texlive/2015/texmf-dist/tex/latex/l3packages/xparse/xparse.sty
(/usr/local/texlive/2015/texmf-dist/tex/latex/l3kernel/expl3.sty
Package: expl3 2015/03/01 v5547 L3 programming layer (loader) 

(/usr/local/texlive/2015/texmf-dist/tex/latex/l3kernel/expl3-code.tex
Package: expl3 2015/03/01 v5547 L3 programming layer (code) 
L3 Module: l3bootstrap 2015/02/28 v5542 L3 Bootstrap code
L3 Module: l3names 2015/02/24 v5535 L3 Namespace for primitives
L3 Module: l3basics 2015/01/27 v5500 L3 Basic definitions
L3 Module: l3expan 2014/11/27 v5472 L3 Argument expansion
L3 Module: l3tl 2015/01/27 v5500 L3 Token lists
L3 Module: l3str 2015/03/01 v5545 L3 Strings
L3 Module: l3seq 2014/08/23 v5354 L3 Sequences and stacks
L3 Module: l3int 2015/02/21 v5529 L3 Integers
\c_max_int=\count129
\l_tmpa_int=\count130
\l_tmpb_int=\count131
\g_tmpa_int=\count132
\g_tmpb_int=\count133
L3 Module: l3quark 2014/08/23 v5354 L3 Quarks
L3 Module: l3prg 2014/08/23 v5354 L3 Control structures
\g__prg_map_int=\count134
L3 Module: l3clist 2014/08/23 v5354 L3 Comma separated lists
L3 Module: l3token 2014/09/15 v5422 L3 Experimental token manipulation
L3 Module: l3prop 2014/08/23 v5354 L3 Property lists
L3 Module: l3msg 2015/02/26 v5537 L3 Messages
L3 Module: l3file 2014/08/24 v5369 L3 File and I/O operations
\l_iow_line_count_int=\count135
\l__iow_target_count_int=\count136
\l__iow_current_line_int=\count137
\l__iow_current_word_int=\count138
\l__iow_current_indentation_int=\count139
L3 Module: l3skip 2014/08/23 v5354 L3 Dimensions and skips
\c_zero_dim=\dimen135
\c_max_dim=\dimen136
\l_tmpa_dim=\dimen137
\l_tmpb_dim=\dimen138
\g_tmpa_dim=\dimen139
\g_tmpb_dim=\dimen140
\c_zero_skip=\skip61
\c_max_skip=\skip62
\l_tmpa_skip=\skip63
\l_tmpb_skip=\skip64
\g_tmpa_skip=\skip65
\g_tmpb_skip=\skip66
\c_zero_muskip=\muskip12
\c_max_muskip=\muskip13
\l_tmpa_muskip=\muskip14
\l_tmpb_muskip=\muskip15
\g_tmpa_muskip=\muskip16
\g_tmpb_muskip=\muskip17
L3 Module: l3keys 2015/01/27 v5500 L3 Key-value interfaces
\g__keyval_level_int=\count140
\l_keys_choice_int=\count141
L3 Module: l3fp 2014/08/22 v5336 L3 Floating points
\c__fp_leading_shift_int=\count142
\c__fp_middle_shift_int=\count143
\c__fp_trailing_shift_int=\count144
\c__fp_big_leading_shift_int=\count145
\c__fp_big_middle_shift_int=\count146
\c__fp_big_trailing_shift_int=\count147
\c__fp_Bigg_leading_shift_int=\count148
\c__fp_Bigg_middle_shift_int=\count149
\c__fp_Bigg_trailing_shift_int=\count150
L3 Module: l3box 2014/08/23 v5354 L3 Experimental boxes
\c_empty_box=\box34
\l_tmpa_box=\box35
\l_tmpb_box=\box36
\g_tmpa_box=\box37
\g_tmpb_box=\box38
L3 Module: l3coffins 2014/08/23 v5354 L3 Coffin code layer
\l__coffin_internal_box=\box39
\l__coffin_internal_dim=\dimen141
\l__coffin_offset_x_dim=\dimen142
\l__coffin_offset_y_dim=\dimen143
\l__coffin_x_dim=\dimen144
\l__coffin_y_dim=\dimen145
\l__coffin_x_prime_dim=\dimen146
\l__coffin_y_prime_dim=\dimen147
\c_empty_coffin=\box40
\l__coffin_aligned_coffin=\box41
\l__coffin_aligned_internal_coffin=\box42
\l_tmpa_coffin=\box43
\l_tmpb_coffin=\box44
\l__coffin_display_coffin=\box45
\l__coffin_display_coord_coffin=\box46
\l__coffin_display_pole_coffin=\box47
\l__coffin_display_offset_dim=\dimen148
\l__coffin_display_x_dim=\dimen149
\l__coffin_display_y_dim=\dimen150
L3 Module: l3color 2014/08/23 v5354 L3 Experimental color support
L3 Module: l3candidates 2015/03/01 v5544 L3 Experimental additions to l3kernel
\l__box_top_dim=\dimen151
\l__box_bottom_dim=\dimen152
\l__box_left_dim=\dimen153
\l__box_right_dim=\dimen154
\l__box_top_new_dim=\dimen155
\l__box_bottom_new_dim=\dimen156
\l__box_left_new_dim=\dimen157
\l__box_right_new_dim=\dimen158
\l__box_internal_box=\box48
\l__coffin_bounding_shift_dim=\dimen159
\l__coffin_left_corner_dim=\dimen160
\l__coffin_right_corner_dim=\dimen161
\l__coffin_bottom_corner_dim=\dimen162
\l__coffin_top_corner_dim=\dimen163
\l__coffin_scaled_total_height_dim=\dimen164
\l__coffin_scaled_width_dim=\dimen165
)
(/usr/local/texlive/2015/texmf-dist/tex/latex/l3kernel/l3unicode-data.def
File: l3unicode-data.def 2015/03/01 v5544 L3 Unicode data
)
(/usr/local/texlive/2015/texmf-dist/tex/latex/l3kernel/l3pdfmode.def
File: l3pdfmode.def 2015/03/01 v5544 L3 Experimental driver: PDF mode
\l__driver_color_stack_int=\count151
))
Package: xparse 2014/11/25 v5471 L3 Experimental document command parser
\l__xparse_current_arg_int=\count152
\l__xparse_m_args_int=\count153
\l__xparse_mandatory_args_int=\count154
\l__xparse_processor_int=\count155
\l__xparse_v_nesting_int=\count156
)
(/usr/local/texlive/2015/texmf-dist/tex/latex/etoolbox/etoolbox.sty
Package: etoolbox 2015/05/04 v2.2 e-TeX tools for LaTeX (JAW)
\etb@tempcnta=\count157
)
(/usr/local/texlive/2015/texmf-dist/tex/latex/oberdiek/zref-abspage.sty
Package: zref-abspage 2012/04/04 v2.24 Module abspage for zref (HO)

(/usr/local/texlive/2015/texmf-dist/tex/latex/oberdiek/zref-base.sty
Package: zref-base 2012/04/04 v2.24 Module base for zref (HO)
Package zref Info: New property list: main on input line 759.
Package zref Info: New property: default on input line 760.
Package zref Info: New property: page on input line 761.
)
\c@abspage=\count158
Package zref Info: New property: abspage on input line 62.
)
(/usr/local/texlive/2015/texmf-dist/tex/latex/needspace/needspace.sty
Package: needspace 2010/09/12 v1.3d reserve vertical space
)
\mdf@templength=\skip67
\c@mdf@globalstyle@cnt=\count159
\mdf@skipabove@length=\skip68
\mdf@skipbelow@length=\skip69
\mdf@leftmargin@length=\skip70
\mdf@rightmargin@length=\skip71
\mdf@innerleftmargin@length=\skip72
\mdf@innerrightmargin@length=\skip73
\mdf@innertopmargin@length=\skip74
\mdf@innerbottommargin@length=\skip75
\mdf@splittopskip@length=\skip76
\mdf@splitbottomskip@length=\skip77
\mdf@outermargin@length=\skip78
\mdf@innermargin@length=\skip79
\mdf@linewidth@length=\skip80
\mdf@innerlinewidth@length=\skip81
\mdf@middlelinewidth@length=\skip82
\mdf@outerlinewidth@length=\skip83
\mdf@roundcorner@length=\skip84
\mdf@footenotedistance@length=\skip85
\mdf@userdefinedwidth@length=\skip86
\mdf@needspace@length=\skip87
\mdf@frametitleaboveskip@length=\skip88
\mdf@frametitlebelowskip@length=\skip89
\mdf@frametitlerulewidth@length=\skip90
\mdf@frametitleleftmargin@length=\skip91
\mdf@frametitlerightmargin@length=\skip92
\mdf@shadowsize@length=\skip93
\mdf@extratopheight@length=\skip94
\mdf@subtitleabovelinewidth@length=\skip95
\mdf@subtitlebelowlinewidth@length=\skip96
\mdf@subtitleaboveskip@length=\skip97
\mdf@subtitlebelowskip@length=\skip98
\mdf@subtitleinneraboveskip@length=\skip99
\mdf@subtitleinnerbelowskip@length=\skip100
\mdf@subsubtitleabovelinewidth@length=\skip101
\mdf@subsubtitlebelowlinewidth@length=\skip102
\mdf@subsubtitleaboveskip@length=\skip103
\mdf@subsubtitlebelowskip@length=\skip104
\mdf@subsubtitleinneraboveskip@length=\skip105
\mdf@subsubtitleinnerbelowskip@length=\skip106

(/usr/local/texlive/2015/texmf-dist/tex/latex/mdframed/md-frame-0.mdf
File: md-frame-0.mdf 2013/07/01\ 1.9b: md-frame-0
)
\mdf@frametitlebox=\box49
\mdf@footnotebox=\box50
\mdf@splitbox@one=\box51
\mdf@splitbox@two=\box52
\mdf@splitbox@save=\box53
\mdfsplitboxwidth=\skip107
\mdfsplitboxtotalwidth=\skip108
\mdfsplitboxheight=\skip109
\mdfsplitboxdepth=\skip110
\mdfsplitboxtotalheight=\skip111
\mdfframetitleboxwidth=\skip112
\mdfframetitleboxtotalwidth=\skip113
\mdfframetitleboxheight=\skip114
\mdfframetitleboxdepth=\skip115
\mdfframetitleboxtotalheight=\skip116
\mdffootnoteboxwidth=\skip117
\mdffootnoteboxtotalwidth=\skip118
\mdffootnoteboxheight=\skip119
\mdffootnoteboxdepth=\skip120
\mdffootnoteboxtotalheight=\skip121
\mdftotallinewidth=\skip122
\mdfboundingboxwidth=\skip123
\mdfboundingboxtotalwidth=\skip124
\mdfboundingboxheight=\skip125
\mdfboundingboxdepth=\skip126
\mdfboundingboxtotalheight=\skip127
\mdf@freevspace@length=\skip128
\mdf@horizontalwidthofbox@length=\skip129
\mdf@verticalmarginwhole@length=\skip130
\mdf@horizontalspaceofbox=\skip131
\mdfsubtitleheight=\skip132
\mdfsubsubtitleheight=\skip133
\c@mdfcountframes=\count160

****** mdframed patching \endmdf@trivlist

****** -- success******

.................................................
. LaTeX info: "xparse/define-command"
. 
. Defining command \newmdtheoremenv with sig. 'O{} m o m o ' on line 601.
.................................................
.................................................
. LaTeX info: "xparse/define-command"
. 
. Defining command \mdtheorem with sig. ' O{} m o m o ' on line 701.
.................................................
\mdf@envdepth=\count161
\c@mdf@env@i=\count162
\c@mdf@env@ii=\count163
\c@mdf@zref@counter=\count164
Package zref Info: New property: mdf@pagevalue on input line 895.
)
(/usr/local/texlive/2015/texmf-dist/tex/latex/listings/lstlang1.sty
File: lstlang1.sty 2014/09/06 1.5e listings language file
)
(/usr/local/texlive/2015/texmf-dist/tex/latex/listings/lstmisc.sty
File: lstmisc.sty 2014/09/06 1.5e (Carsten Heinz)
)
(./portfolio.aux)
\openout1 = `portfolio.aux'.

LaTeX Font Info:    Checking defaults for OML/cmm/m/it on input line 70.
LaTeX Font Info:    ... okay on input line 70.
LaTeX Font Info:    Checking defaults for T1/cmr/m/n on input line 70.
LaTeX Font Info:    ... okay on input line 70.
LaTeX Font Info:    Checking defaults for OT1/cmr/m/n on input line 70.
LaTeX Font Info:    ... okay on input line 70.
LaTeX Font Info:    Checking defaults for OMS/cmsy/m/n on input line 70.
LaTeX Font Info:    ... okay on input line 70.
LaTeX Font Info:    Checking defaults for OMX/cmex/m/n on input line 70.
LaTeX Font Info:    ... okay on input line 70.
LaTeX Font Info:    Checking defaults for U/cmr/m/n on input line 70.
LaTeX Font Info:    ... okay on input line 70.
LaTeX Font Info:    Checking defaults for PD1/pdf/m/n on input line 70.
LaTeX Font Info:    ... okay on input line 70.
\AtBeginShipoutBox=\box54
Package hyperref Info: Link coloring OFF on input line 70.

(/usr/local/texlive/2015/texmf-dist/tex/latex/hyperref/nameref.sty
Package: nameref 2012/10/27 v2.43 Cross-referencing by name of section

(/usr/local/texlive/2015/texmf-dist/tex/generic/oberdiek/gettitlestring.sty
Package: gettitlestring 2010/12/03 v1.4 Cleanup title references (HO)
)
\c@section@level=\count165
LaTeX Info: Redefining \Ref on input line 513.
)
LaTeX Info: Redefining \ref on input line 70.
LaTeX Info: Redefining \pageref on input line 70.
LaTeX Info: Redefining \nameref on input line 70.

(./portfolio.out) (./portfolio.out)
\@outlinefile=\write3
\openout3 = `portfolio.out'.

LaTeX Info: Redefining \Ref on input line 70.

(/usr/local/texlive/2015/texmf-dist/tex/context/base/supp-pdf.mkii
[Loading MPS to PDF converter (version 2006.09.02).]
\scratchcounter=\count166
\scratchdimen=\dimen166
\scratchbox=\box55
\nofMPsegments=\count167
\nofMParguments=\count168
\everyMPshowfont=\toks25
\MPscratchCnt=\count169
\MPscratchDim=\dimen167
\MPnumerator=\count170
\makeMPintoPDFobject=\count171
\everyMPtoPDFconversion=\toks26
) (/usr/local/texlive/2015/texmf-dist/tex/latex/oberdiek/epstopdf-base.sty
Package: epstopdf-base 2010/02/09 v2.5 Base part for package epstopdf

(/usr/local/texlive/2015/texmf-dist/tex/latex/oberdiek/grfext.sty
Package: grfext 2010/08/19 v1.1 Manage graphics extensions (HO)
)
Package grfext Info: Graphics extension search list:
(grfext)             [.png,.pdf,.jpg,.mps,.jpeg,.jbig2,.jb2,.PNG,.PDF,.JPG,.JPE
G,.JBIG2,.JB2,.eps]
(grfext)             \AppendGraphicsExtensions on input line 452.

(/usr/local/texlive/2015/texmf-dist/tex/latex/latexconfig/epstopdf-sys.cfg
File: epstopdf-sys.cfg 2010/07/13 v1.3 Configuration of (r)epstopdf for TeX Liv
e
))
*geometry* driver: auto-detecting
*geometry* detected driver: pdftex
*geometry* verbose mode - [ preamble ] result:
* driver: pdftex
* paper: a4paper
* layout: <same size as paper>
* layoutoffset:(h,v)=(0.0pt,0.0pt)
* modes: 
* h-part:(L,W,R)=(56.9055pt, 483.69687pt, 56.9055pt)
* v-part:(T,H,B)=(56.9055pt, 731.23584pt, 56.9055pt)
* \paperwidth=597.50787pt
* \paperheight=845.04684pt
* \textwidth=483.69687pt
* \textheight=731.23584pt
* \oddsidemargin=-15.36449pt
* \evensidemargin=-15.36449pt
* \topmargin=-52.36449pt
* \headheight=12.0pt
* \headsep=25.0pt
* \topskip=10.0pt
* \footskip=30.0pt
* \marginparwidth=57.0pt
* \marginparsep=11.0pt
* \columnsep=10.0pt
* \skip\footins=9.0pt plus 4.0pt minus 2.0pt
* \hoffset=0.0pt
* \voffset=0.0pt
* \mag=1000
* \@twocolumnfalse
* \@twosidefalse
* \@mparswitchfalse
* \@reversemarginfalse
* (1in=72.27pt=25.4mm, 1cm=28.453pt)

\c@lstlisting=\count172
<logo.jpg, id=32, 48.18pt x 24.09pt>
File: logo.jpg Graphic file (type jpg)
 <use logo.jpg>
Package pdftex.def Info: logo.jpg used on input line 77.
(pdftex.def)             Requested size: 144.53957pt x 72.26976pt.
Package babel Info: Redefining portuges shorthand "|
(babel)             in language append on input line 105.
Package babel Info: Redefining portuges shorthand "|
(babel)             in language append on input line 105.
 [1

{/usr/local/texlive/2015/texmf-var/fonts/map/pdftex/updmap/pdftex.map} <./logo.
jpg>] (./portfolio.toc)
\tf@toc=\write4
\openout4 = `portfolio.toc'.

Package babel Info: Redefining portuges shorthand "|
(babel)             in language append on input line 111.
Package babel Info: Redefining portuges shorthand "|
(babel)             in language append on input line 111.
pdfTeX warning (ext4): destination with the same identifier (name{page.1}) has 
been already used, duplicate ignored
<to be read again> 
                   \relax 
l.111 
       [1]
Package babel Info: Redefining portuges shorthand "|
(babel)             in language append on input line 115.
Package babel Info: Redefining portuges shorthand "|
(babel)             in language append on input line 132.
Package babel Info: Redefining portuges shorthand "|
(babel)             in language append on input line 132.
 [2]
Package babel Info: Redefining portuges shorthand "|
(babel)             in language append on input line 134.
Package babel Info: Redefining portuges shorthand "|
(babel)             in language append on input line 134.
 [3]
Package babel Info: Redefining portuges shorthand "|
(babel)             in language append on input line 138.
 <Report_TP1/relatorio_esc.pdf, id=75, 614.295pt x 794.97pt>
File: Report_TP1/relatorio_esc.pdf Graphic file (type pdf)

<use Report_TP1/relatorio_esc.pdf>
Package pdftex.def Info: Report_TP1/relatorio_esc.pdf used on input line 143.
(pdftex.def)             Requested size: 614.29349pt x 794.96806pt.
File: Report_TP1/relatorio_esc.pdf Graphic file (type pdf)
 <use Report_TP1/relatorio_esc.pdf>
Package pdftex.def Info: Report_TP1/relatorio_esc.pdf used on input line 143.
(pdftex.def)             Requested size: 614.29349pt x 794.96806pt.

<Report_TP1/relatorio_esc.pdf, id=78, page=1, 614.295pt x 794.97pt>
File: Report_TP1/relatorio_esc.pdf Graphic file (type pdf)

<use Report_TP1/relatorio_esc.pdf, page 1>
Package pdftex.def Info: Report_TP1/relatorio_esc.pdf, page1 used on input line
 143.
(pdftex.def)             Requested size: 614.29349pt x 794.96806pt.
File: Report_TP1/relatorio_esc.pdf Graphic file (type pdf)

<use Report_TP1/relatorio_esc.pdf, page 1>
Package pdftex.def Info: Report_TP1/relatorio_esc.pdf, page1 used on input line
 143.
(pdftex.def)             Requested size: 597.78697pt x 773.60669pt.
File: Report_TP1/relatorio_esc.pdf Graphic file (type pdf)

<use Report_TP1/relatorio_esc.pdf, page 1>
Package pdftex.def Info: Report_TP1/relatorio_esc.pdf, page1 used on input line
 143.
(pdftex.def)             Requested size: 597.78697pt x 773.60669pt.
File: Report_TP1/relatorio_esc.pdf Graphic file (type pdf)

<use Report_TP1/relatorio_esc.pdf, page 1>
Package pdftex.def Info: Report_TP1/relatorio_esc.pdf, page1 used on input line
 143.
(pdftex.def)             Requested size: 597.78697pt x 773.60669pt.
Package babel Info: Redefining portuges shorthand "|
(babel)             in language append on input line 143.
Package babel Info: Redefining portuges shorthand "|
(babel)             in language append on input line 143.
 [4]
<Report_TP1/relatorio_esc.pdf, id=83, page=2, 614.295pt x 794.97pt>
File: Report_TP1/relatorio_esc.pdf Graphic file (type pdf)

<use Report_TP1/relatorio_esc.pdf, page 2>
Package pdftex.def Info: Report_TP1/relatorio_esc.pdf, page2 used on input line
 143.
(pdftex.def)             Requested size: 597.78697pt x 773.60669pt.
File: Report_TP1/relatorio_esc.pdf Graphic file (type pdf)

<use Report_TP1/relatorio_esc.pdf, page 2>
Package pdftex.def Info: Report_TP1/relatorio_esc.pdf, page2 used on input line
 143.
(pdftex.def)             Requested size: 597.78697pt x 773.60669pt.
Package babel Info: Redefining portuges shorthand "|
(babel)             in language append on input line 143.
Package babel Info: Redefining portuges shorthand "|
(babel)             in language append on input line 143.
File: Report_TP1/relatorio_esc.pdf Graphic file (type pdf)

<use Report_TP1/relatorio_esc.pdf, page 1>
Package pdftex.def Info: Report_TP1/relatorio_esc.pdf, page1 used on input line
 143.
(pdftex.def)             Requested size: 597.78697pt x 773.60669pt.
 [5 <./Report_TP1/relatorio_esc.pdf>] <Report_TP1/relatorio_esc.pdf, id=109, pa
ge=3, 614.295pt x 794.97pt>
File: Report_TP1/relatorio_esc.pdf Graphic file (type pdf)

<use Report_TP1/relatorio_esc.pdf, page 3>
Package pdftex.def Info: Report_TP1/relatorio_esc.pdf, page3 used on input line
 143.
(pdftex.def)             Requested size: 597.78697pt x 773.60669pt.
File: Report_TP1/relatorio_esc.pdf Graphic file (type pdf)

<use Report_TP1/relatorio_esc.pdf, page 3>
Package pdftex.def Info: Report_TP1/relatorio_esc.pdf, page3 used on input line
 143.
(pdftex.def)             Requested size: 597.78697pt x 773.60669pt.
Package babel Info: Redefining portuges shorthand "|
(babel)             in language append on input line 143.
Package babel Info: Redefining portuges shorthand "|
(babel)             in language append on input line 143.
File: Report_TP1/relatorio_esc.pdf Graphic file (type pdf)

<use Report_TP1/relatorio_esc.pdf, page 2>
Package pdftex.def Info: Report_TP1/relatorio_esc.pdf, page2 used on input line
 143.
(pdftex.def)             Requested size: 597.78697pt x 773.60669pt.
 [6 <./Report_TP1/relatorio_esc.pdf>] <Report_TP1/relatorio_esc.pdf, id=125, pa
ge=4, 614.295pt x 794.97pt>
File: Report_TP1/relatorio_esc.pdf Graphic file (type pdf)

<use Report_TP1/relatorio_esc.pdf, page 4>
Package pdftex.def Info: Report_TP1/relatorio_esc.pdf, page4 used on input line
 143.
(pdftex.def)             Requested size: 597.78697pt x 773.60669pt.
File: Report_TP1/relatorio_esc.pdf Graphic file (type pdf)

<use Report_TP1/relatorio_esc.pdf, page 4>
Package pdftex.def Info: Report_TP1/relatorio_esc.pdf, page4 used on input line
 143.
(pdftex.def)             Requested size: 597.78697pt x 773.60669pt.
Package babel Info: Redefining portuges shorthand "|
(babel)             in language append on input line 143.
Package babel Info: Redefining portuges shorthand "|
(babel)             in language append on input line 143.
File: Report_TP1/relatorio_esc.pdf Graphic file (type pdf)

<use Report_TP1/relatorio_esc.pdf, page 3>
Package pdftex.def Info: Report_TP1/relatorio_esc.pdf, page3 used on input line
 143.
(pdftex.def)             Requested size: 597.78697pt x 773.60669pt.
 [7 <./Report_TP1/relatorio_esc.pdf>] <Report_TP1/relatorio_esc.pdf, id=130, pa
ge=5, 614.295pt x 794.97pt>
File: Report_TP1/relatorio_esc.pdf Graphic file (type pdf)

<use Report_TP1/relatorio_esc.pdf, page 5>
Package pdftex.def Info: Report_TP1/relatorio_esc.pdf, page5 used on input line
 143.
(pdftex.def)             Requested size: 597.78697pt x 773.60669pt.
File: Report_TP1/relatorio_esc.pdf Graphic file (type pdf)

<use Report_TP1/relatorio_esc.pdf, page 5>
Package pdftex.def Info: Report_TP1/relatorio_esc.pdf, page5 used on input line
 143.
(pdftex.def)             Requested size: 597.78697pt x 773.60669pt.
Package babel Info: Redefining portuges shorthand "|
(babel)             in language append on input line 143.
Package babel Info: Redefining portuges shorthand "|
(babel)             in language append on input line 143.
File: Report_TP1/relatorio_esc.pdf Graphic file (type pdf)

<use Report_TP1/relatorio_esc.pdf, page 4>
Package pdftex.def Info: Report_TP1/relatorio_esc.pdf, page4 used on input line
 143.
(pdftex.def)             Requested size: 597.78697pt x 773.60669pt.
 [8 <./Report_TP1/relatorio_esc.pdf>] <Report_TP1/relatorio_esc.pdf, id=142, pa
ge=6, 614.295pt x 794.97pt>
File: Report_TP1/relatorio_esc.pdf Graphic file (type pdf)

<use Report_TP1/relatorio_esc.pdf, page 6>
Package pdftex.def Info: Report_TP1/relatorio_esc.pdf, page6 used on input line
 143.
(pdftex.def)             Requested size: 597.78697pt x 773.60669pt.
File: Report_TP1/relatorio_esc.pdf Graphic file (type pdf)

<use Report_TP1/relatorio_esc.pdf, page 6>
Package pdftex.def Info: Report_TP1/relatorio_esc.pdf, page6 used on input line
 143.
(pdftex.def)             Requested size: 597.78697pt x 773.60669pt.
Package babel Info: Redefining portuges shorthand "|
(babel)             in language append on input line 143.
Package babel Info: Redefining portuges shorthand "|
(babel)             in language append on input line 143.
File: Report_TP1/relatorio_esc.pdf Graphic file (type pdf)

<use Report_TP1/relatorio_esc.pdf, page 5>
Package pdftex.def Info: Report_TP1/relatorio_esc.pdf, page5 used on input line
 143.
(pdftex.def)             Requested size: 597.78697pt x 773.60669pt.
 [9 <./Report_TP1/relatorio_esc.pdf>] <Report_TP1/relatorio_esc.pdf, id=156, pa
ge=7, 614.295pt x 794.97pt>
File: Report_TP1/relatorio_esc.pdf Graphic file (type pdf)

<use Report_TP1/relatorio_esc.pdf, page 7>
Package pdftex.def Info: Report_TP1/relatorio_esc.pdf, page7 used on input line
 143.
(pdftex.def)             Requested size: 597.78697pt x 773.60669pt.
File: Report_TP1/relatorio_esc.pdf Graphic file (type pdf)

<use Report_TP1/relatorio_esc.pdf, page 7>
Package pdftex.def Info: Report_TP1/relatorio_esc.pdf, page7 used on input line
 143.
(pdftex.def)             Requested size: 597.78697pt x 773.60669pt.
Package babel Info: Redefining portuges shorthand "|
(babel)             in language append on input line 143.
Package babel Info: Redefining portuges shorthand "|
(babel)             in language append on input line 143.
File: Report_TP1/relatorio_esc.pdf Graphic file (type pdf)

<use Report_TP1/relatorio_esc.pdf, page 6>
Package pdftex.def Info: Report_TP1/relatorio_esc.pdf, page6 used on input line
 143.
(pdftex.def)             Requested size: 597.78697pt x 773.60669pt.
 [10 <./Report_TP1/relatorio_esc.pdf>] <Report_TP1/relatorio_esc.pdf, id=172, p
age=8, 614.295pt x 794.97pt>
File: Report_TP1/relatorio_esc.pdf Graphic file (type pdf)

<use Report_TP1/relatorio_esc.pdf, page 8>
Package pdftex.def Info: Report_TP1/relatorio_esc.pdf, page8 used on input line
 143.
(pdftex.def)             Requested size: 597.78697pt x 773.60669pt.
File: Report_TP1/relatorio_esc.pdf Graphic file (type pdf)

<use Report_TP1/relatorio_esc.pdf, page 8>
Package pdftex.def Info: Report_TP1/relatorio_esc.pdf, page8 used on input line
 143.
(pdftex.def)             Requested size: 597.78697pt x 773.60669pt.
Package babel Info: Redefining portuges shorthand "|
(babel)             in language append on input line 143.
Package babel Info: Redefining portuges shorthand "|
(babel)             in language append on input line 143.
File: Report_TP1/relatorio_esc.pdf Graphic file (type pdf)

<use Report_TP1/relatorio_esc.pdf, page 7>
Package pdftex.def Info: Report_TP1/relatorio_esc.pdf, page7 used on input line
 143.
(pdftex.def)             Requested size: 597.78697pt x 773.60669pt.
 [11 <./Report_TP1/relatorio_esc.pdf>] <Report_TP1/relatorio_esc.pdf, id=184, p
age=9, 614.295pt x 794.97pt>
File: Report_TP1/relatorio_esc.pdf Graphic file (type pdf)

<use Report_TP1/relatorio_esc.pdf, page 9>
Package pdftex.def Info: Report_TP1/relatorio_esc.pdf, page9 used on input line
 143.
(pdftex.def)             Requested size: 597.78697pt x 773.60669pt.
File: Report_TP1/relatorio_esc.pdf Graphic file (type pdf)

<use Report_TP1/relatorio_esc.pdf, page 9>
Package pdftex.def Info: Report_TP1/relatorio_esc.pdf, page9 used on input line
 143.
(pdftex.def)             Requested size: 597.78697pt x 773.60669pt.
Package babel Info: Redefining portuges shorthand "|
(babel)             in language append on input line 143.
Package babel Info: Redefining portuges shorthand "|
(babel)             in language append on input line 143.
File: Report_TP1/relatorio_esc.pdf Graphic file (type pdf)

<use Report_TP1/relatorio_esc.pdf, page 8>
Package pdftex.def Info: Report_TP1/relatorio_esc.pdf, page8 used on input line
 143.
(pdftex.def)             Requested size: 597.78697pt x 773.60669pt.
 [12 <./Report_TP1/relatorio_esc.pdf>] <Report_TP1/relatorio_esc.pdf, id=195, p
age=10, 614.295pt x 794.97pt>
File: Report_TP1/relatorio_esc.pdf Graphic file (type pdf)

<use Report_TP1/relatorio_esc.pdf, page 10>
Package pdftex.def Info: Report_TP1/relatorio_esc.pdf, page10 used on input lin
e 143.
(pdftex.def)             Requested size: 597.78697pt x 773.60669pt.
File: Report_TP1/relatorio_esc.pdf Graphic file (type pdf)

<use Report_TP1/relatorio_esc.pdf, page 10>
Package pdftex.def Info: Report_TP1/relatorio_esc.pdf, page10 used on input lin
e 143.
(pdftex.def)             Requested size: 597.78697pt x 773.60669pt.
Package babel Info: Redefining portuges shorthand "|
(babel)             in language append on input line 143.
Package babel Info: Redefining portuges shorthand "|
(babel)             in language append on input line 143.
File: Report_TP1/relatorio_esc.pdf Graphic file (type pdf)

<use Report_TP1/relatorio_esc.pdf, page 9>
Package pdftex.def Info: Report_TP1/relatorio_esc.pdf, page9 used on input line
 143.
(pdftex.def)             Requested size: 597.78697pt x 773.60669pt.
 [13 <./Report_TP1/relatorio_esc.pdf>] <Report_TP1/relatorio_esc.pdf, id=211, p
age=11, 614.295pt x 794.97pt>
File: Report_TP1/relatorio_esc.pdf Graphic file (type pdf)

<use Report_TP1/relatorio_esc.pdf, page 11>
Package pdftex.def Info: Report_TP1/relatorio_esc.pdf, page11 used on input lin
e 143.
(pdftex.def)             Requested size: 597.78697pt x 773.60669pt.
File: Report_TP1/relatorio_esc.pdf Graphic file (type pdf)

<use Report_TP1/relatorio_esc.pdf, page 11>
Package pdftex.def Info: Report_TP1/relatorio_esc.pdf, page11 used on input lin
e 143.
(pdftex.def)             Requested size: 597.78697pt x 773.60669pt.
Package babel Info: Redefining portuges shorthand "|
(babel)             in language append on input line 143.
Package babel Info: Redefining portuges shorthand "|
(babel)             in language append on input line 143.
File: Report_TP1/relatorio_esc.pdf Graphic file (type pdf)

<use Report_TP1/relatorio_esc.pdf, page 10>
Package pdftex.def Info: Report_TP1/relatorio_esc.pdf, page10 used on input lin
e 143.
(pdftex.def)             Requested size: 597.78697pt x 773.60669pt.
 [14 <./Report_TP1/relatorio_esc.pdf>] <Report_TP1/relatorio_esc.pdf, id=226, p
age=12, 614.295pt x 794.97pt>
File: Report_TP1/relatorio_esc.pdf Graphic file (type pdf)

<use Report_TP1/relatorio_esc.pdf, page 12>
Package pdftex.def Info: Report_TP1/relatorio_esc.pdf, page12 used on input lin
e 143.
(pdftex.def)             Requested size: 597.78697pt x 773.60669pt.
File: Report_TP1/relatorio_esc.pdf Graphic file (type pdf)

<use Report_TP1/relatorio_esc.pdf, page 12>
Package pdftex.def Info: Report_TP1/relatorio_esc.pdf, page12 used on input lin
e 143.
(pdftex.def)             Requested size: 597.78697pt x 773.60669pt.
Package babel Info: Redefining portuges shorthand "|
(babel)             in language append on input line 143.
Package babel Info: Redefining portuges shorthand "|
(babel)             in language append on input line 143.
File: Report_TP1/relatorio_esc.pdf Graphic file (type pdf)

<use Report_TP1/relatorio_esc.pdf, page 11>
Package pdftex.def Info: Report_TP1/relatorio_esc.pdf, page11 used on input lin
e 143.
(pdftex.def)             Requested size: 597.78697pt x 773.60669pt.
 [15 <./Report_TP1/relatorio_esc.pdf>] <Report_TP1/relatorio_esc.pdf, id=231, p
age=13, 614.295pt x 794.97pt>
File: Report_TP1/relatorio_esc.pdf Graphic file (type pdf)

<use Report_TP1/relatorio_esc.pdf, page 13>
Package pdftex.def Info: Report_TP1/relatorio_esc.pdf, page13 used on input lin
e 143.
(pdftex.def)             Requested size: 597.78697pt x 773.60669pt.
File: Report_TP1/relatorio_esc.pdf Graphic file (type pdf)

<use Report_TP1/relatorio_esc.pdf, page 13>
Package pdftex.def Info: Report_TP1/relatorio_esc.pdf, page13 used on input lin
e 143.
(pdftex.def)             Requested size: 597.78697pt x 773.60669pt.
Package babel Info: Redefining portuges shorthand "|
(babel)             in language append on input line 143.
Package babel Info: Redefining portuges shorthand "|
(babel)             in language append on input line 143.
File: Report_TP1/relatorio_esc.pdf Graphic file (type pdf)

<use Report_TP1/relatorio_esc.pdf, page 12>
Package pdftex.def Info: Report_TP1/relatorio_esc.pdf, page12 used on input lin
e 143.
(pdftex.def)             Requested size: 597.78697pt x 773.60669pt.
 [16 <./Report_TP1/relatorio_esc.pdf>]
Package babel Info: Redefining portuges shorthand "|
(babel)             in language append on input line 143.
Package babel Info: Redefining portuges shorthand "|
(babel)             in language append on input line 143.
File: Report_TP1/relatorio_esc.pdf Graphic file (type pdf)
 <use Report_TP1/relatorio_esc.pdf, page 13>
Package pdftex.def Info: Report_TP1/relatorio_esc.pdf, page13 used on input lin
e 143.
(pdftex.def)             Requested size: 597.78697pt x 773.60669pt.
 [17 <./Report_TP1/relatorio_esc.pdf>]
Package babel Info: Redefining portuges shorthand "|
(babel)             in language append on input line 149.
 <Report_TP2/pthreads_report.pdf, id=266, 614.295pt x 794.97pt>
File: Report_TP2/pthreads_report.pdf Graphic file (type pdf)

<use Report_TP2/pthreads_report.pdf>
Package pdftex.def Info: Report_TP2/pthreads_report.pdf used on input line 154.

(pdftex.def)             Requested size: 614.29349pt x 794.96806pt.
File: Report_TP2/pthreads_report.pdf Graphic file (type pdf)
 <use Report_TP2/pthreads_report.pdf>
Package pdftex.def Info: Report_TP2/pthreads_report.pdf used on input line 154.

(pdftex.def)             Requested size: 614.29349pt x 794.96806pt.

<Report_TP2/pthreads_report.pdf, id=269, page=1, 614.295pt x 794.97pt>
File: Report_TP2/pthreads_report.pdf Graphic file (type pdf)

<use Report_TP2/pthreads_report.pdf, page 1>
Package pdftex.def Info: Report_TP2/pthreads_report.pdf, page1 used on input li
ne 154.
(pdftex.def)             Requested size: 614.29349pt x 794.96806pt.
File: Report_TP2/pthreads_report.pdf Graphic file (type pdf)

<use Report_TP2/pthreads_report.pdf, page 1>
Package pdftex.def Info: Report_TP2/pthreads_report.pdf, page1 used on input li
ne 154.
(pdftex.def)             Requested size: 597.78697pt x 773.60669pt.
File: Report_TP2/pthreads_report.pdf Graphic file (type pdf)

<use Report_TP2/pthreads_report.pdf, page 1>
Package pdftex.def Info: Report_TP2/pthreads_report.pdf, page1 used on input li
ne 154.
(pdftex.def)             Requested size: 597.78697pt x 773.60669pt.
File: Report_TP2/pthreads_report.pdf Graphic file (type pdf)

<use Report_TP2/pthreads_report.pdf, page 1>
Package pdftex.def Info: Report_TP2/pthreads_report.pdf, page1 used on input li
ne 154.
(pdftex.def)             Requested size: 597.78697pt x 773.60669pt.
Package babel Info: Redefining portuges shorthand "|
(babel)             in language append on input line 154.
Package babel Info: Redefining portuges shorthand "|
(babel)             in language append on input line 154.
 [18]
<Report_TP2/pthreads_report.pdf, id=275, page=2, 614.295pt x 794.97pt>
File: Report_TP2/pthreads_report.pdf Graphic file (type pdf)

<use Report_TP2/pthreads_report.pdf, page 2>
Package pdftex.def Info: Report_TP2/pthreads_report.pdf, page2 used on input li
ne 154.
(pdftex.def)             Requested size: 597.78697pt x 773.60669pt.
File: Report_TP2/pthreads_report.pdf Graphic file (type pdf)

<use Report_TP2/pthreads_report.pdf, page 2>
Package pdftex.def Info: Report_TP2/pthreads_report.pdf, page2 used on input li
ne 154.
(pdftex.def)             Requested size: 597.78697pt x 773.60669pt.
Package babel Info: Redefining portuges shorthand "|
(babel)             in language append on input line 154.
Package babel Info: Redefining portuges shorthand "|
(babel)             in language append on input line 154.
File: Report_TP2/pthreads_report.pdf Graphic file (type pdf)

<use Report_TP2/pthreads_report.pdf, page 1>
Package pdftex.def Info: Report_TP2/pthreads_report.pdf, page1 used on input li
ne 154.
(pdftex.def)             Requested size: 597.78697pt x 773.60669pt.
 [19 <./Report_TP2/pthreads_report.pdf>] <Report_TP2/pthreads_report.pdf, id=29
6, page=3, 614.295pt x 794.97pt>
File: Report_TP2/pthreads_report.pdf Graphic file (type pdf)

<use Report_TP2/pthreads_report.pdf, page 3>
Package pdftex.def Info: Report_TP2/pthreads_report.pdf, page3 used on input li
ne 154.
(pdftex.def)             Requested size: 597.78697pt x 773.60669pt.
File: Report_TP2/pthreads_report.pdf Graphic file (type pdf)

<use Report_TP2/pthreads_report.pdf, page 3>
Package pdftex.def Info: Report_TP2/pthreads_report.pdf, page3 used on input li
ne 154.
(pdftex.def)             Requested size: 597.78697pt x 773.60669pt.
Package babel Info: Redefining portuges shorthand "|
(babel)             in language append on input line 154.
Package babel Info: Redefining portuges shorthand "|
(babel)             in language append on input line 154.
File: Report_TP2/pthreads_report.pdf Graphic file (type pdf)

<use Report_TP2/pthreads_report.pdf, page 2>
Package pdftex.def Info: Report_TP2/pthreads_report.pdf, page2 used on input li
ne 154.
(pdftex.def)             Requested size: 597.78697pt x 773.60669pt.
 [20 <./Report_TP2/pthreads_report.pdf>] <Report_TP2/pthreads_report.pdf, id=33
6, page=4, 614.295pt x 794.97pt>
File: Report_TP2/pthreads_report.pdf Graphic file (type pdf)

<use Report_TP2/pthreads_report.pdf, page 4>
Package pdftex.def Info: Report_TP2/pthreads_report.pdf, page4 used on input li
ne 154.
(pdftex.def)             Requested size: 597.78697pt x 773.60669pt.
File: Report_TP2/pthreads_report.pdf Graphic file (type pdf)

<use Report_TP2/pthreads_report.pdf, page 4>
Package pdftex.def Info: Report_TP2/pthreads_report.pdf, page4 used on input li
ne 154.
(pdftex.def)             Requested size: 597.78697pt x 773.60669pt.
Package babel Info: Redefining portuges shorthand "|
(babel)             in language append on input line 154.
Package babel Info: Redefining portuges shorthand "|
(babel)             in language append on input line 154.
File: Report_TP2/pthreads_report.pdf Graphic file (type pdf)

<use Report_TP2/pthreads_report.pdf, page 3>
Package pdftex.def Info: Report_TP2/pthreads_report.pdf, page3 used on input li
ne 154.
(pdftex.def)             Requested size: 597.78697pt x 773.60669pt.
 [21 <./Report_TP2/pthreads_report.pdf>]
Package babel Info: Redefining portuges shorthand "|
(babel)             in language append on input line 154.
Package babel Info: Redefining portuges shorthand "|
(babel)             in language append on input line 154.
File: Report_TP2/pthreads_report.pdf Graphic file (type pdf)
 <use Report_TP2/pthreads_report.pdf, page 4>
Package pdftex.def Info: Report_TP2/pthreads_report.pdf, page4 used on input li
ne 154.
(pdftex.def)             Requested size: 597.78697pt x 773.60669pt.
 [22 <./Report_TP2/pthreads_report.pdf>]
Package babel Info: Redefining portuges shorthand "|
(babel)             in language append on input line 160.
 <Report_TP3/dtrace_report.pdf, id=353, 614.295pt x 794.97pt>
File: Report_TP3/dtrace_report.pdf Graphic file (type pdf)

<use Report_TP3/dtrace_report.pdf>
Package pdftex.def Info: Report_TP3/dtrace_report.pdf used on input line 165.
(pdftex.def)             Requested size: 614.29349pt x 794.96806pt.
File: Report_TP3/dtrace_report.pdf Graphic file (type pdf)
 <use Report_TP3/dtrace_report.pdf>
Package pdftex.def Info: Report_TP3/dtrace_report.pdf used on input line 165.
(pdftex.def)             Requested size: 614.29349pt x 794.96806pt.

<Report_TP3/dtrace_report.pdf, id=356, page=1, 614.295pt x 794.97pt>
File: Report_TP3/dtrace_report.pdf Graphic file (type pdf)

<use Report_TP3/dtrace_report.pdf, page 1>
Package pdftex.def Info: Report_TP3/dtrace_report.pdf, page1 used on input line
 165.
(pdftex.def)             Requested size: 614.29349pt x 794.96806pt.
File: Report_TP3/dtrace_report.pdf Graphic file (type pdf)

<use Report_TP3/dtrace_report.pdf, page 1>
Package pdftex.def Info: Report_TP3/dtrace_report.pdf, page1 used on input line
 165.
(pdftex.def)             Requested size: 597.78697pt x 773.60669pt.
File: Report_TP3/dtrace_report.pdf Graphic file (type pdf)

<use Report_TP3/dtrace_report.pdf, page 1>
Package pdftex.def Info: Report_TP3/dtrace_report.pdf, page1 used on input line
 165.
(pdftex.def)             Requested size: 597.78697pt x 773.60669pt.
File: Report_TP3/dtrace_report.pdf Graphic file (type pdf)

<use Report_TP3/dtrace_report.pdf, page 1>
Package pdftex.def Info: Report_TP3/dtrace_report.pdf, page1 used on input line
 165.
(pdftex.def)             Requested size: 597.78697pt x 773.60669pt.
Package babel Info: Redefining portuges shorthand "|
(babel)             in language append on input line 165.
Package babel Info: Redefining portuges shorthand "|
(babel)             in language append on input line 165.
 [23]
<Report_TP3/dtrace_report.pdf, id=361, page=2, 614.295pt x 794.97pt>
File: Report_TP3/dtrace_report.pdf Graphic file (type pdf)

<use Report_TP3/dtrace_report.pdf, page 2>
Package pdftex.def Info: Report_TP3/dtrace_report.pdf, page2 used on input line
 165.
(pdftex.def)             Requested size: 597.78697pt x 773.60669pt.
File: Report_TP3/dtrace_report.pdf Graphic file (type pdf)

<use Report_TP3/dtrace_report.pdf, page 2>
Package pdftex.def Info: Report_TP3/dtrace_report.pdf, page2 used on input line
 165.
(pdftex.def)             Requested size: 597.78697pt x 773.60669pt.
Package babel Info: Redefining portuges shorthand "|
(babel)             in language append on input line 165.
Package babel Info: Redefining portuges shorthand "|
(babel)             in language append on input line 165.
File: Report_TP3/dtrace_report.pdf Graphic file (type pdf)

<use Report_TP3/dtrace_report.pdf, page 1>
Package pdftex.def Info: Report_TP3/dtrace_report.pdf, page1 used on input line
 165.
(pdftex.def)             Requested size: 597.78697pt x 773.60669pt.
 [24 <./Report_TP3/dtrace_report.pdf>] <Report_TP3/dtrace_report.pdf, id=380, p
age=3, 614.295pt x 794.97pt>
File: Report_TP3/dtrace_report.pdf Graphic file (type pdf)

<use Report_TP3/dtrace_report.pdf, page 3>
Package pdftex.def Info: Report_TP3/dtrace_report.pdf, page3 used on input line
 165.
(pdftex.def)             Requested size: 597.78697pt x 773.60669pt.
File: Report_TP3/dtrace_report.pdf Graphic file (type pdf)

<use Report_TP3/dtrace_report.pdf, page 3>
Package pdftex.def Info: Report_TP3/dtrace_report.pdf, page3 used on input line
 165.
(pdftex.def)             Requested size: 597.78697pt x 773.60669pt.
Package babel Info: Redefining portuges shorthand "|
(babel)             in language append on input line 165.
Package babel Info: Redefining portuges shorthand "|
(babel)             in language append on input line 165.
File: Report_TP3/dtrace_report.pdf Graphic file (type pdf)

<use Report_TP3/dtrace_report.pdf, page 2>
Package pdftex.def Info: Report_TP3/dtrace_report.pdf, page2 used on input line
 165.
(pdftex.def)             Requested size: 597.78697pt x 773.60669pt.
 [25 <./Report_TP3/dtrace_report.pdf>] <Report_TP3/dtrace_report.pdf, id=433, p
age=4, 614.295pt x 794.97pt>
File: Report_TP3/dtrace_report.pdf Graphic file (type pdf)

<use Report_TP3/dtrace_report.pdf, page 4>
Package pdftex.def Info: Report_TP3/dtrace_report.pdf, page4 used on input line
 165.
(pdftex.def)             Requested size: 597.78697pt x 773.60669pt.
File: Report_TP3/dtrace_report.pdf Graphic file (type pdf)

<use Report_TP3/dtrace_report.pdf, page 4>
Package pdftex.def Info: Report_TP3/dtrace_report.pdf, page4 used on input line
 165.
(pdftex.def)             Requested size: 597.78697pt x 773.60669pt.
Package babel Info: Redefining portuges shorthand "|
(babel)             in language append on input line 165.
Package babel Info: Redefining portuges shorthand "|
(babel)             in language append on input line 165.
File: Report_TP3/dtrace_report.pdf Graphic file (type pdf)

<use Report_TP3/dtrace_report.pdf, page 3>
Package pdftex.def Info: Report_TP3/dtrace_report.pdf, page3 used on input line
 165.
(pdftex.def)             Requested size: 597.78697pt x 773.60669pt.
 [26 <./Report_TP3/dtrace_report.pdf>] <Report_TP3/dtrace_report.pdf, id=443, p
age=5, 614.295pt x 794.97pt>
File: Report_TP3/dtrace_report.pdf Graphic file (type pdf)

<use Report_TP3/dtrace_report.pdf, page 5>
Package pdftex.def Info: Report_TP3/dtrace_report.pdf, page5 used on input line
 165.
(pdftex.def)             Requested size: 597.78697pt x 773.60669pt.
File: Report_TP3/dtrace_report.pdf Graphic file (type pdf)

<use Report_TP3/dtrace_report.pdf, page 5>
Package pdftex.def Info: Report_TP3/dtrace_report.pdf, page5 used on input line
 165.
(pdftex.def)             Requested size: 597.78697pt x 773.60669pt.
Package babel Info: Redefining portuges shorthand "|
(babel)             in language append on input line 165.
Package babel Info: Redefining portuges shorthand "|
(babel)             in language append on input line 165.
File: Report_TP3/dtrace_report.pdf Graphic file (type pdf)

<use Report_TP3/dtrace_report.pdf, page 4>
Package pdftex.def Info: Report_TP3/dtrace_report.pdf, page4 used on input line
 165.
(pdftex.def)             Requested size: 597.78697pt x 773.60669pt.
 [27 <./Report_TP3/dtrace_report.pdf>] <Report_TP3/dtrace_report.pdf, id=451, p
age=6, 614.295pt x 794.97pt>
File: Report_TP3/dtrace_report.pdf Graphic file (type pdf)

<use Report_TP3/dtrace_report.pdf, page 6>
Package pdftex.def Info: Report_TP3/dtrace_report.pdf, page6 used on input line
 165.
(pdftex.def)             Requested size: 597.78697pt x 773.60669pt.
File: Report_TP3/dtrace_report.pdf Graphic file (type pdf)

<use Report_TP3/dtrace_report.pdf, page 6>
Package pdftex.def Info: Report_TP3/dtrace_report.pdf, page6 used on input line
 165.
(pdftex.def)             Requested size: 597.78697pt x 773.60669pt.
Package babel Info: Redefining portuges shorthand "|
(babel)             in language append on input line 165.
Package babel Info: Redefining portuges shorthand "|
(babel)             in language append on input line 165.
File: Report_TP3/dtrace_report.pdf Graphic file (type pdf)

<use Report_TP3/dtrace_report.pdf, page 5>
Package pdftex.def Info: Report_TP3/dtrace_report.pdf, page5 used on input line
 165.
(pdftex.def)             Requested size: 597.78697pt x 773.60669pt.
 [28 <./Report_TP3/dtrace_report.pdf>] <Report_TP3/dtrace_report.pdf, id=459, p
age=7, 614.295pt x 794.97pt>
File: Report_TP3/dtrace_report.pdf Graphic file (type pdf)

<use Report_TP3/dtrace_report.pdf, page 7>
Package pdftex.def Info: Report_TP3/dtrace_report.pdf, page7 used on input line
 165.
(pdftex.def)             Requested size: 597.78697pt x 773.60669pt.
File: Report_TP3/dtrace_report.pdf Graphic file (type pdf)

<use Report_TP3/dtrace_report.pdf, page 7>
Package pdftex.def Info: Report_TP3/dtrace_report.pdf, page7 used on input line
 165.
(pdftex.def)             Requested size: 597.78697pt x 773.60669pt.
Package babel Info: Redefining portuges shorthand "|
(babel)             in language append on input line 165.
Package babel Info: Redefining portuges shorthand "|
(babel)             in language append on input line 165.
File: Report_TP3/dtrace_report.pdf Graphic file (type pdf)

<use Report_TP3/dtrace_report.pdf, page 6>
Package pdftex.def Info: Report_TP3/dtrace_report.pdf, page6 used on input line
 165.
(pdftex.def)             Requested size: 597.78697pt x 773.60669pt.
 [29 <./Report_TP3/dtrace_report.pdf>]
Package babel Info: Redefining portuges shorthand "|
(babel)             in language append on input line 165.
Package babel Info: Redefining portuges shorthand "|
(babel)             in language append on input line 165.
File: Report_TP3/dtrace_report.pdf Graphic file (type pdf)
 <use Report_TP3/dtrace_report.pdf, page 7>
Package pdftex.def Info: Report_TP3/dtrace_report.pdf, page7 used on input line
 165.
(pdftex.def)             Requested size: 597.78697pt x 773.60669pt.
 [30 <./Report_TP3/dtrace_report.pdf>]
Package babel Info: Redefining portuges shorthand "|
(babel)             in language append on input line 171.
 <Report_TP4/iozone-report.pdf, id=469, 614.295pt x 794.97pt>
File: Report_TP4/iozone-report.pdf Graphic file (type pdf)

<use Report_TP4/iozone-report.pdf>
Package pdftex.def Info: Report_TP4/iozone-report.pdf used on input line 176.
(pdftex.def)             Requested size: 614.29349pt x 794.96806pt.
File: Report_TP4/iozone-report.pdf Graphic file (type pdf)
 <use Report_TP4/iozone-report.pdf>
Package pdftex.def Info: Report_TP4/iozone-report.pdf used on input line 176.
(pdftex.def)             Requested size: 614.29349pt x 794.96806pt.

<Report_TP4/iozone-report.pdf, id=472, page=1, 614.295pt x 794.97pt>
File: Report_TP4/iozone-report.pdf Graphic file (type pdf)

<use Report_TP4/iozone-report.pdf, page 1>
Package pdftex.def Info: Report_TP4/iozone-report.pdf, page1 used on input line
 176.
(pdftex.def)             Requested size: 614.29349pt x 794.96806pt.
File: Report_TP4/iozone-report.pdf Graphic file (type pdf)

<use Report_TP4/iozone-report.pdf, page 1>
Package pdftex.def Info: Report_TP4/iozone-report.pdf, page1 used on input line
 176.
(pdftex.def)             Requested size: 597.78697pt x 773.60669pt.
File: Report_TP4/iozone-report.pdf Graphic file (type pdf)

<use Report_TP4/iozone-report.pdf, page 1>
Package pdftex.def Info: Report_TP4/iozone-report.pdf, page1 used on input line
 176.
(pdftex.def)             Requested size: 597.78697pt x 773.60669pt.
File: Report_TP4/iozone-report.pdf Graphic file (type pdf)

<use Report_TP4/iozone-report.pdf, page 1>
Package pdftex.def Info: Report_TP4/iozone-report.pdf, page1 used on input line
 176.
(pdftex.def)             Requested size: 597.78697pt x 773.60669pt.
Package babel Info: Redefining portuges shorthand "|
(babel)             in language append on input line 176.
Package babel Info: Redefining portuges shorthand "|
(babel)             in language append on input line 176.
 [31]
<Report_TP4/iozone-report.pdf, id=477, page=2, 614.295pt x 794.97pt>
File: Report_TP4/iozone-report.pdf Graphic file (type pdf)

<use Report_TP4/iozone-report.pdf, page 2>
Package pdftex.def Info: Report_TP4/iozone-report.pdf, page2 used on input line
 176.
(pdftex.def)             Requested size: 597.78697pt x 773.60669pt.
File: Report_TP4/iozone-report.pdf Graphic file (type pdf)

<use Report_TP4/iozone-report.pdf, page 2>
Package pdftex.def Info: Report_TP4/iozone-report.pdf, page2 used on input line
 176.
(pdftex.def)             Requested size: 597.78697pt x 773.60669pt.
Package babel Info: Redefining portuges shorthand "|
(babel)             in language append on input line 176.
Package babel Info: Redefining portuges shorthand "|
(babel)             in language append on input line 176.
File: Report_TP4/iozone-report.pdf Graphic file (type pdf)

<use Report_TP4/iozone-report.pdf, page 1>
Package pdftex.def Info: Report_TP4/iozone-report.pdf, page1 used on input line
 176.
(pdftex.def)             Requested size: 597.78697pt x 773.60669pt.
 [32 <./Report_TP4/iozone-report.pdf>] <Report_TP4/iozone-report.pdf, id=495, p
age=3, 614.295pt x 794.97pt>
File: Report_TP4/iozone-report.pdf Graphic file (type pdf)

<use Report_TP4/iozone-report.pdf, page 3>
Package pdftex.def Info: Report_TP4/iozone-report.pdf, page3 used on input line
 176.
(pdftex.def)             Requested size: 597.78697pt x 773.60669pt.
File: Report_TP4/iozone-report.pdf Graphic file (type pdf)

<use Report_TP4/iozone-report.pdf, page 3>
Package pdftex.def Info: Report_TP4/iozone-report.pdf, page3 used on input line
 176.
(pdftex.def)             Requested size: 597.78697pt x 773.60669pt.
Package babel Info: Redefining portuges shorthand "|
(babel)             in language append on input line 176.
Package babel Info: Redefining portuges shorthand "|
(babel)             in language append on input line 176.
File: Report_TP4/iozone-report.pdf Graphic file (type pdf)

<use Report_TP4/iozone-report.pdf, page 2>
Package pdftex.def Info: Report_TP4/iozone-report.pdf, page2 used on input line
 176.
(pdftex.def)             Requested size: 597.78697pt x 773.60669pt.
 [33 <./Report_TP4/iozone-report.pdf>] <Report_TP4/iozone-report.pdf, id=509, p
age=4, 614.295pt x 794.97pt>
File: Report_TP4/iozone-report.pdf Graphic file (type pdf)

<use Report_TP4/iozone-report.pdf, page 4>
Package pdftex.def Info: Report_TP4/iozone-report.pdf, page4 used on input line
 176.
(pdftex.def)             Requested size: 597.78697pt x 773.60669pt.
File: Report_TP4/iozone-report.pdf Graphic file (type pdf)

<use Report_TP4/iozone-report.pdf, page 4>
Package pdftex.def Info: Report_TP4/iozone-report.pdf, page4 used on input line
 176.
(pdftex.def)             Requested size: 597.78697pt x 773.60669pt.
Package babel Info: Redefining portuges shorthand "|
(babel)             in language append on input line 176.
Package babel Info: Redefining portuges shorthand "|
(babel)             in language append on input line 176.
File: Report_TP4/iozone-report.pdf Graphic file (type pdf)

<use Report_TP4/iozone-report.pdf, page 3>
Package pdftex.def Info: Report_TP4/iozone-report.pdf, page3 used on input line
 176.
(pdftex.def)             Requested size: 597.78697pt x 773.60669pt.
 [34 <./Report_TP4/iozone-report.pdf>] <Report_TP4/iozone-report.pdf, id=520, p
age=5, 614.295pt x 794.97pt>
File: Report_TP4/iozone-report.pdf Graphic file (type pdf)

<use Report_TP4/iozone-report.pdf, page 5>
Package pdftex.def Info: Report_TP4/iozone-report.pdf, page5 used on input line
 176.
(pdftex.def)             Requested size: 597.78697pt x 773.60669pt.
File: Report_TP4/iozone-report.pdf Graphic file (type pdf)

<use Report_TP4/iozone-report.pdf, page 5>
Package pdftex.def Info: Report_TP4/iozone-report.pdf, page5 used on input line
 176.
(pdftex.def)             Requested size: 597.78697pt x 773.60669pt.
Package babel Info: Redefining portuges shorthand "|
(babel)             in language append on input line 176.
Package babel Info: Redefining portuges shorthand "|
(babel)             in language append on input line 176.
File: Report_TP4/iozone-report.pdf Graphic file (type pdf)

<use Report_TP4/iozone-report.pdf, page 4>
Package pdftex.def Info: Report_TP4/iozone-report.pdf, page4 used on input line
 176.
(pdftex.def)             Requested size: 597.78697pt x 773.60669pt.
 [35 <./Report_TP4/iozone-report.pdf>] <Report_TP4/iozone-report.pdf, id=537, p
age=6, 614.295pt x 794.97pt>
File: Report_TP4/iozone-report.pdf Graphic file (type pdf)

<use Report_TP4/iozone-report.pdf, page 6>
Package pdftex.def Info: Report_TP4/iozone-report.pdf, page6 used on input line
 176.
(pdftex.def)             Requested size: 597.78697pt x 773.60669pt.
File: Report_TP4/iozone-report.pdf Graphic file (type pdf)

<use Report_TP4/iozone-report.pdf, page 6>
Package pdftex.def Info: Report_TP4/iozone-report.pdf, page6 used on input line
 176.
(pdftex.def)             Requested size: 597.78697pt x 773.60669pt.
Package babel Info: Redefining portuges shorthand "|
(babel)             in language append on input line 176.
Package babel Info: Redefining portuges shorthand "|
(babel)             in language append on input line 176.
File: Report_TP4/iozone-report.pdf Graphic file (type pdf)

<use Report_TP4/iozone-report.pdf, page 5>
Package pdftex.def Info: Report_TP4/iozone-report.pdf, page5 used on input line
 176.
(pdftex.def)             Requested size: 597.78697pt x 773.60669pt.
 [36 <./Report_TP4/iozone-report.pdf>]
Package babel Info: Redefining portuges shorthand "|
(babel)             in language append on input line 176.
Package babel Info: Redefining portuges shorthand "|
(babel)             in language append on input line 176.
File: Report_TP4/iozone-report.pdf Graphic file (type pdf)
 <use Report_TP4/iozone-report.pdf, page 6>
Package pdftex.def Info: Report_TP4/iozone-report.pdf, page6 used on input line
 176.
(pdftex.def)             Requested size: 597.78697pt x 773.60669pt.
 [37 <./Report_TP4/iozone-report.pdf>]
Package babel Info: Redefining portuges shorthand "|
(babel)             in language append on input line 182.
 <Report_TP5/perf-report.pdf, id=548, 614.295pt x 794.97pt>
File: Report_TP5/perf-report.pdf Graphic file (type pdf)

<use Report_TP5/perf-report.pdf>
Package pdftex.def Info: Report_TP5/perf-report.pdf used on input line 187.
(pdftex.def)             Requested size: 614.29349pt x 794.96806pt.
File: Report_TP5/perf-report.pdf Graphic file (type pdf)
 <use Report_TP5/perf-report.pdf>
Package pdftex.def Info: Report_TP5/perf-report.pdf used on input line 187.
(pdftex.def)             Requested size: 614.29349pt x 794.96806pt.

<Report_TP5/perf-report.pdf, id=551, page=1, 614.295pt x 794.97pt>
File: Report_TP5/perf-report.pdf Graphic file (type pdf)

<use Report_TP5/perf-report.pdf, page 1>
Package pdftex.def Info: Report_TP5/perf-report.pdf, page1 used on input line 1
87.
(pdftex.def)             Requested size: 614.29349pt x 794.96806pt.
File: Report_TP5/perf-report.pdf Graphic file (type pdf)

<use Report_TP5/perf-report.pdf, page 1>
Package pdftex.def Info: Report_TP5/perf-report.pdf, page1 used on input line 1
87.
(pdftex.def)             Requested size: 597.78697pt x 773.60669pt.
File: Report_TP5/perf-report.pdf Graphic file (type pdf)

<use Report_TP5/perf-report.pdf, page 1>
Package pdftex.def Info: Report_TP5/perf-report.pdf, page1 used on input line 1
87.
(pdftex.def)             Requested size: 597.78697pt x 773.60669pt.
File: Report_TP5/perf-report.pdf Graphic file (type pdf)

<use Report_TP5/perf-report.pdf, page 1>
Package pdftex.def Info: Report_TP5/perf-report.pdf, page1 used on input line 1
87.
(pdftex.def)             Requested size: 597.78697pt x 773.60669pt.
Package babel Info: Redefining portuges shorthand "|
(babel)             in language append on input line 187.
Package babel Info: Redefining portuges shorthand "|
(babel)             in language append on input line 187.
 [38]
<Report_TP5/perf-report.pdf, id=556, page=2, 614.295pt x 794.97pt>
File: Report_TP5/perf-report.pdf Graphic file (type pdf)

<use Report_TP5/perf-report.pdf, page 2>
Package pdftex.def Info: Report_TP5/perf-report.pdf, page2 used on input line 1
87.
(pdftex.def)             Requested size: 597.78697pt x 773.60669pt.
File: Report_TP5/perf-report.pdf Graphic file (type pdf)

<use Report_TP5/perf-report.pdf, page 2>
Package pdftex.def Info: Report_TP5/perf-report.pdf, page2 used on input line 1
87.
(pdftex.def)             Requested size: 597.78697pt x 773.60669pt.
Package babel Info: Redefining portuges shorthand "|
(babel)             in language append on input line 187.
Package babel Info: Redefining portuges shorthand "|
(babel)             in language append on input line 187.
File: Report_TP5/perf-report.pdf Graphic file (type pdf)

<use Report_TP5/perf-report.pdf, page 1>
Package pdftex.def Info: Report_TP5/perf-report.pdf, page1 used on input line 1
87.
(pdftex.def)             Requested size: 597.78697pt x 773.60669pt.
 [39 <./Report_TP5/perf-report.pdf>]
<Report_TP5/perf-report.pdf, id=574, page=3, 614.295pt x 794.97pt>
File: Report_TP5/perf-report.pdf Graphic file (type pdf)

<use Report_TP5/perf-report.pdf, page 3>
Package pdftex.def Info: Report_TP5/perf-report.pdf, page3 used on input line 1
87.
(pdftex.def)             Requested size: 597.78697pt x 773.60669pt.
File: Report_TP5/perf-report.pdf Graphic file (type pdf)

<use Report_TP5/perf-report.pdf, page 3>
Package pdftex.def Info: Report_TP5/perf-report.pdf, page3 used on input line 1
87.
(pdftex.def)             Requested size: 597.78697pt x 773.60669pt.
Package babel Info: Redefining portuges shorthand "|
(babel)             in language append on input line 187.
Package babel Info: Redefining portuges shorthand "|
(babel)             in language append on input line 187.
File: Report_TP5/perf-report.pdf Graphic file (type pdf)

<use Report_TP5/perf-report.pdf, page 2>
Package pdftex.def Info: Report_TP5/perf-report.pdf, page2 used on input line 1
87.
(pdftex.def)             Requested size: 597.78697pt x 773.60669pt.
 [40 <./Report_TP5/perf-report.pdf>]
<Report_TP5/perf-report.pdf, id=597, page=4, 614.295pt x 794.97pt>
File: Report_TP5/perf-report.pdf Graphic file (type pdf)

<use Report_TP5/perf-report.pdf, page 4>
Package pdftex.def Info: Report_TP5/perf-report.pdf, page4 used on input line 1
87.
(pdftex.def)             Requested size: 597.78697pt x 773.60669pt.
File: Report_TP5/perf-report.pdf Graphic file (type pdf)

<use Report_TP5/perf-report.pdf, page 4>
Package pdftex.def Info: Report_TP5/perf-report.pdf, page4 used on input line 1
87.
(pdftex.def)             Requested size: 597.78697pt x 773.60669pt.
Package babel Info: Redefining portuges shorthand "|
(babel)             in language append on input line 187.
Package babel Info: Redefining portuges shorthand "|
(babel)             in language append on input line 187.
File: Report_TP5/perf-report.pdf Graphic file (type pdf)

<use Report_TP5/perf-report.pdf, page 3>
Package pdftex.def Info: Report_TP5/perf-report.pdf, page3 used on input line 1
87.
(pdftex.def)             Requested size: 597.78697pt x 773.60669pt.
 [41 <./Report_TP5/perf-report.pdf>]
<Report_TP5/perf-report.pdf, id=602, page=5, 614.295pt x 794.97pt>
File: Report_TP5/perf-report.pdf Graphic file (type pdf)

<use Report_TP5/perf-report.pdf, page 5>
Package pdftex.def Info: Report_TP5/perf-report.pdf, page5 used on input line 1
87.
(pdftex.def)             Requested size: 597.78697pt x 773.60669pt.
File: Report_TP5/perf-report.pdf Graphic file (type pdf)

<use Report_TP5/perf-report.pdf, page 5>
Package pdftex.def Info: Report_TP5/perf-report.pdf, page5 used on input line 1
87.
(pdftex.def)             Requested size: 597.78697pt x 773.60669pt.
Package babel Info: Redefining portuges shorthand "|
(babel)             in language append on input line 187.
Package babel Info: Redefining portuges shorthand "|
(babel)             in language append on input line 187.
File: Report_TP5/perf-report.pdf Graphic file (type pdf)

<use Report_TP5/perf-report.pdf, page 4>
Package pdftex.def Info: Report_TP5/perf-report.pdf, page4 used on input line 1
87.
(pdftex.def)             Requested size: 597.78697pt x 773.60669pt.
 [42 <./Report_TP5/perf-report.pdf>]
<Report_TP5/perf-report.pdf, id=608, page=6, 614.295pt x 794.97pt>
File: Report_TP5/perf-report.pdf Graphic file (type pdf)

<use Report_TP5/perf-report.pdf, page 6>
Package pdftex.def Info: Report_TP5/perf-report.pdf, page6 used on input line 1
87.
(pdftex.def)             Requested size: 597.78697pt x 773.60669pt.
File: Report_TP5/perf-report.pdf Graphic file (type pdf)

<use Report_TP5/perf-report.pdf, page 6>
Package pdftex.def Info: Report_TP5/perf-report.pdf, page6 used on input line 1
87.
(pdftex.def)             Requested size: 597.78697pt x 773.60669pt.
Package babel Info: Redefining portuges shorthand "|
(babel)             in language append on input line 187.
Package babel Info: Redefining portuges shorthand "|
(babel)             in language append on input line 187.
File: Report_TP5/perf-report.pdf Graphic file (type pdf)

<use Report_TP5/perf-report.pdf, page 5>
Package pdftex.def Info: Report_TP5/perf-report.pdf, page5 used on input line 1
87.
(pdftex.def)             Requested size: 597.78697pt x 773.60669pt.
 [43 <./Report_TP5/perf-report.pdf>]
<Report_TP5/perf-report.pdf, id=613, page=7, 614.295pt x 794.97pt>
File: Report_TP5/perf-report.pdf Graphic file (type pdf)

<use Report_TP5/perf-report.pdf, page 7>
Package pdftex.def Info: Report_TP5/perf-report.pdf, page7 used on input line 1
87.
(pdftex.def)             Requested size: 597.78697pt x 773.60669pt.
File: Report_TP5/perf-report.pdf Graphic file (type pdf)

<use Report_TP5/perf-report.pdf, page 7>
Package pdftex.def Info: Report_TP5/perf-report.pdf, page7 used on input line 1
87.
(pdftex.def)             Requested size: 597.78697pt x 773.60669pt.
Package babel Info: Redefining portuges shorthand "|
(babel)             in language append on input line 187.
Package babel Info: Redefining portuges shorthand "|
(babel)             in language append on input line 187.
File: Report_TP5/perf-report.pdf Graphic file (type pdf)

<use Report_TP5/perf-report.pdf, page 6>
Package pdftex.def Info: Report_TP5/perf-report.pdf, page6 used on input line 1
87.
(pdftex.def)             Requested size: 597.78697pt x 773.60669pt.
 [44 <./Report_TP5/perf-report.pdf>]
<Report_TP5/perf-report.pdf, id=618, page=8, 614.295pt x 794.97pt>
File: Report_TP5/perf-report.pdf Graphic file (type pdf)

<use Report_TP5/perf-report.pdf, page 8>
Package pdftex.def Info: Report_TP5/perf-report.pdf, page8 used on input line 1
87.
(pdftex.def)             Requested size: 597.78697pt x 773.60669pt.
File: Report_TP5/perf-report.pdf Graphic file (type pdf)

<use Report_TP5/perf-report.pdf, page 8>
Package pdftex.def Info: Report_TP5/perf-report.pdf, page8 used on input line 1
87.
(pdftex.def)             Requested size: 597.78697pt x 773.60669pt.
Package babel Info: Redefining portuges shorthand "|
(babel)             in language append on input line 187.
Package babel Info: Redefining portuges shorthand "|
(babel)             in language append on input line 187.
File: Report_TP5/perf-report.pdf Graphic file (type pdf)

<use Report_TP5/perf-report.pdf, page 7>
Package pdftex.def Info: Report_TP5/perf-report.pdf, page7 used on input line 1
87.
(pdftex.def)             Requested size: 597.78697pt x 773.60669pt.
 [45 <./Report_TP5/perf-report.pdf>]
<Report_TP5/perf-report.pdf, id=635, page=9, 614.295pt x 794.97pt>
File: Report_TP5/perf-report.pdf Graphic file (type pdf)

<use Report_TP5/perf-report.pdf, page 9>
Package pdftex.def Info: Report_TP5/perf-report.pdf, page9 used on input line 1
87.
(pdftex.def)             Requested size: 597.78697pt x 773.60669pt.
File: Report_TP5/perf-report.pdf Graphic file (type pdf)

<use Report_TP5/perf-report.pdf, page 9>
Package pdftex.def Info: Report_TP5/perf-report.pdf, page9 used on input line 1
87.
(pdftex.def)             Requested size: 597.78697pt x 773.60669pt.
Package babel Info: Redefining portuges shorthand "|
(babel)             in language append on input line 187.
Package babel Info: Redefining portuges shorthand "|
(babel)             in language append on input line 187.
File: Report_TP5/perf-report.pdf Graphic file (type pdf)

<use Report_TP5/perf-report.pdf, page 8>
Package pdftex.def Info: Report_TP5/perf-report.pdf, page8 used on input line 1
87.
(pdftex.def)             Requested size: 597.78697pt x 773.60669pt.
 [46 <./Report_TP5/perf-report.pdf>]
<Report_TP5/perf-report.pdf, id=640, page=10, 614.295pt x 794.97pt>
File: Report_TP5/perf-report.pdf Graphic file (type pdf)

<use Report_TP5/perf-report.pdf, page 10>
Package pdftex.def Info: Report_TP5/perf-report.pdf, page10 used on input line 
187.
(pdftex.def)             Requested size: 597.78697pt x 773.60669pt.
File: Report_TP5/perf-report.pdf Graphic file (type pdf)

<use Report_TP5/perf-report.pdf, page 10>
Package pdftex.def Info: Report_TP5/perf-report.pdf, page10 used on input line 
187.
(pdftex.def)             Requested size: 597.78697pt x 773.60669pt.
Package babel Info: Redefining portuges shorthand "|
(babel)             in language append on input line 187.
Package babel Info: Redefining portuges shorthand "|
(babel)             in language append on input line 187.
File: Report_TP5/perf-report.pdf Graphic file (type pdf)

<use Report_TP5/perf-report.pdf, page 9>
Package pdftex.def Info: Report_TP5/perf-report.pdf, page9 used on input line 1
87.
(pdftex.def)             Requested size: 597.78697pt x 773.60669pt.
 [47 <./Report_TP5/perf-report.pdf>]
<Report_TP5/perf-report.pdf, id=645, page=11, 614.295pt x 794.97pt>
File: Report_TP5/perf-report.pdf Graphic file (type pdf)

<use Report_TP5/perf-report.pdf, page 11>
Package pdftex.def Info: Report_TP5/perf-report.pdf, page11 used on input line 
187.
(pdftex.def)             Requested size: 597.78697pt x 773.60669pt.
File: Report_TP5/perf-report.pdf Graphic file (type pdf)

<use Report_TP5/perf-report.pdf, page 11>
Package pdftex.def Info: Report_TP5/perf-report.pdf, page11 used on input line 
187.
(pdftex.def)             Requested size: 597.78697pt x 773.60669pt.
Package babel Info: Redefining portuges shorthand "|
(babel)             in language append on input line 187.
Package babel Info: Redefining portuges shorthand "|
(babel)             in language append on input line 187.
File: Report_TP5/perf-report.pdf Graphic file (type pdf)

<use Report_TP5/perf-report.pdf, page 10>
Package pdftex.def Info: Report_TP5/perf-report.pdf, page10 used on input line 
187.
(pdftex.def)             Requested size: 597.78697pt x 773.60669pt.
 [48 <./Report_TP5/perf-report.pdf>]
<Report_TP5/perf-report.pdf, id=651, page=12, 614.295pt x 794.97pt>
File: Report_TP5/perf-report.pdf Graphic file (type pdf)

<use Report_TP5/perf-report.pdf, page 12>
Package pdftex.def Info: Report_TP5/perf-report.pdf, page12 used on input line 
187.
(pdftex.def)             Requested size: 597.78697pt x 773.60669pt.
File: Report_TP5/perf-report.pdf Graphic file (type pdf)

<use Report_TP5/perf-report.pdf, page 12>
Package pdftex.def Info: Report_TP5/perf-report.pdf, page12 used on input line 
187.
(pdftex.def)             Requested size: 597.78697pt x 773.60669pt.
Package babel Info: Redefining portuges shorthand "|
(babel)             in language append on input line 187.
Package babel Info: Redefining portuges shorthand "|
(babel)             in language append on input line 187.
File: Report_TP5/perf-report.pdf Graphic file (type pdf)

<use Report_TP5/perf-report.pdf, page 11>
Package pdftex.def Info: Report_TP5/perf-report.pdf, page11 used on input line 
187.
(pdftex.def)             Requested size: 597.78697pt x 773.60669pt.
 [49 <./Report_TP5/perf-report.pdf>]
Package babel Info: Redefining portuges shorthand "|
(babel)             in language append on input line 187.
Package babel Info: Redefining portuges shorthand "|
(babel)             in language append on input line 187.
File: Report_TP5/perf-report.pdf Graphic file (type pdf)

<use Report_TP5/perf-report.pdf, page 12>
Package pdftex.def Info: Report_TP5/perf-report.pdf, page12 used on input line 
187.
(pdftex.def)             Requested size: 597.78697pt x 773.60669pt.
 [50 <./Report_TP5/perf-report.pdf>]
Package babel Info: Redefining portuges shorthand "|
(babel)             in language append on input line 189.
Package atveryend Info: Empty hook `BeforeClearDocument' on input line 199.
Package babel Info: Redefining portuges shorthand "|
(babel)             in language append on input line 199.
Package babel Info: Redefining portuges shorthand "|
(babel)             in language append on input line 199.

[51]
Package atveryend Info: Empty hook `AfterLastShipout' on input line 199.
 (./portfolio.aux)
Package atveryend Info: Executing hook `AtVeryEndDocument' on input line 199.
Package atveryend Info: Executing hook `AtEndAfterFileList' on input line 199.
Package rerunfilecheck Info: File `portfolio.out' has not changed.
(rerunfilecheck)             Checksum: 949E38656C6A6C1CFF096FF9F76ACD64;328.
Package atveryend Info: Empty hook `AtVeryVeryEnd' on input line 199.
 ) 
Here is how much of TeX's memory you used:
 16775 strings out of 493089
 285249 string characters out of 6134842
 406753 words of memory out of 5000000
 20023 multiletter control sequences out of 15000+600000
 14020 words of font info for 32 fonts, out of 8000000 for 9000
 1141 hyphenation exceptions out of 8191
 45i,18n,49p,10398b,481s stack positions out of 5000i,500n,10000p,200000b,80000s
{/usr/local/texlive/2015/texmf-dist/fonts/enc/dvips/cm-super/cm-super-t1.enc}
</usr/local/texlive/2015/texmf-dist/fonts/type1/public/amsfonts/cm/cmex10.pfb><
/usr/local/texlive/2015/texmf-dist/fonts/type1/public/amsfonts/cm/cmmi10.pfb></
usr/local/texlive/2015/texmf-dist/fonts/type1/public/amsfonts/cm/cmmi5.pfb></us
r/local/texlive/2015/texmf-dist/fonts/type1/public/amsfonts/cm/cmmi7.pfb></usr/
local/texlive/2015/texmf-dist/fonts/type1/public/amsfonts/cm/cmmi8.pfb></usr/lo
cal/texlive/2015/texmf-dist/fonts/type1/public/amsfonts/cm/cmr10.pfb></usr/loca
l/texlive/2015/texmf-dist/fonts/type1/public/amsfonts/cm/cmr12.pfb></usr/local/
texlive/2015/texmf-dist/fonts/type1/public/amsfonts/cm/cmr7.pfb></usr/local/tex
live/2015/texmf-dist/fonts/type1/public/amsfonts/cm/cmsy10.pfb></usr/local/texl
ive/2015/texmf-dist/fonts/type1/public/amsfonts/cm/cmsy5.pfb></usr/local/texliv
e/2015/texmf-dist/fonts/type1/public/amsfonts/cm/cmsy6.pfb></usr/local/texlive/
2015/texmf-dist/fonts/type1/public/amsfonts/cm/cmsy7.pfb></usr/local/texlive/20
15/texmf-dist/fonts/type1/public/amsfonts/cm/cmsy8.pfb></usr/local/texlive/2015
/texmf-dist/fonts/type1/public/cm-super/sfbx1000.pfb></usr/local/texlive/2015/t
exmf-dist/fonts/type1/public/cm-super/sfbx1440.pfb></usr/local/texlive/2015/tex
mf-dist/fonts/type1/public/cm-super/sfbx2074.pfb></usr/local/texlive/2015/texmf
-dist/fonts/type1/public/cm-super/sfcc1440.pfb></usr/local/texlive/2015/texmf-d
ist/fonts/type1/public/cm-super/sfcc1728.pfb></usr/local/texlive/2015/texmf-dis
t/fonts/type1/public/cm-super/sfrm1000.pfb></usr/local/texlive/2015/texmf-dist/
fonts/type1/public/cm-super/sfrm1200.pfb></usr/local/texlive/2015/texmf-dist/fo
nts/type1/public/cm-super/sfti1000.pfb></usr/local/texlive/2015/texmf-dist/font
s/type1/public/cm-super/sfti1200.pfb></usr/local/texlive/2015/texmf-dist/fonts/
type1/urw/courier/ucrb8a.pfb></usr/local/texlive/2015/texmf-dist/fonts/type1/ur
w/courier/ucrr8a.pfb></usr/local/texlive/2015/texmf-dist/fonts/type1/urw/times/
utmb8a.pfb></usr/local/texlive/2015/texmf-dist/fonts/type1/urw/times/utmbi8a.pf
b></usr/local/texlive/2015/texmf-dist/fonts/type1/urw/times/utmr8a.pfb></usr/lo
cal/texlive/2015/texmf-dist/fonts/type1/urw/times/utmri8a.pfb>
Output written on portfolio.pdf (52 pages, 7248278 bytes).
PDF statistics:
 747 PDF objects out of 1000 (max. 8388607)
 498 compressed objects within 5 object streams
 65 named destinations out of 1000 (max. 500000)
 347 words of extra memory for PDF output out of 10000 (max. 10000000)

